<?xml version="1.0" encoding="UTF-8"?>
<testsuite name="hu.bme.mit.train.tachograph.TrainTachographTest" tests="1" skipped="0" failures="0" errors="0" timestamp="2021-03-28T06:20:34" hostname="tomis-MacBook-Pro.local" time="0.034">
  <properties/>
  <testcase name="empty" classname="hu.bme.mit.train.tachograph.TrainTachographTest" time="0.034"/>
  <system-out><![CDATA[]]></system-out>
  <system-err><![CDATA[]]></system-err>
</testsuite>
